<?xml version="1.0" encoding="UTF-8"?>
<!-- Generated by org.testng.reporters.JUnitReportReporter -->
<testsuite skipped="0" hostname="Kash" name="com.calculator.CalculatorTest" tests="6" failures="0" timestamp="2020-07-05T20:46:20 GMT+03:00" time="0.015" errors="0">
  <testcase name="testDivide" time="0.007" classname="com.calculator.CalculatorTest"/>
  <system-out>
TestNG Assignment -> testDivide assertion passed for inputs 2, 4  </system-out>
  <testcase name="testExponent" time="0.000" classname="com.calculator.CalculatorTest"/>
  <system-out>
TestNG Assignment -> testExponent assertion passed for inputs 1, 1  </system-out>
  <testcase name="testExponent" time="0.001" classname="com.calculator.CalculatorTest"/>
  <system-out>
TestNG Assignment -> testExponent assertion passed for inputs 1, 2  </system-out>
  <testcase name="testExponent" time="0.000" classname="com.calculator.CalculatorTest"/>
  <system-out>
TestNG Assignment -> testExponent assertion passed for inputs 2, 1  </system-out>
  <testcase name="testRealdivide" time="0.000" classname="com.calculator.CalculatorTest"/>
  <system-out>
TestNG Assignment -> testRealdivide assertion passed for inputs 2, 4  </system-out>
  <testcase name="testAdd" time="0.007" classname="com.calculator.CalculatorTest"/>
  <system-out>
TestNG Assignment -> testAdd assertion passed for inputs 2, 4  </system-out>
</testsuite> <!-- com.calculator.CalculatorTest -->
